<?xml version="1.0" encoding="UTF-8"?>
<!-- Generated by org.testng.reporters.JUnitReportReporter -->
<testsuite hostname="LTIN194558" failures="0" tests="1" name="testcase.MailValidation" time="7.249" errors="0" timestamp="2024-02-25T11:58:43 IST" skipped="0">
  <testcase classname="testcase.MailValidation" name="test" time="7.249"/>
</testsuite> <!-- testcase.MailValidation -->
