<?xml version="1.0" encoding="UTF-8"?>
<!-- Generated by org.testng.reporters.JUnitReportReporter -->
<testsuite hostname="LTIN194558" failures="0" tests="3" name="testcase.UsedCars" time="15.974" errors="0" timestamp="2024-02-27T21:45:02 IST" skipped="0">
  <testcase classname="testcase.UsedCars" name="usedcars" time="0.164"/>
  <testcase classname="testcase.UsedCars" name="cityselect" time="6.037"/>
  <testcase classname="testcase.UsedCars" name="popularmodels" time="9.773"/>
</testsuite> <!-- testcase.UsedCars -->
