<?xml version="1.0" encoding="UTF-8"?>
<!-- Generated by org.testng.reporters.JUnitReportReporter -->
<testsuite hostname="LTIN194558" failures="0" tests="1" name="testcase.TC_01" time="15.425" errors="0" timestamp="2024-02-22T11:50:15 IST" skipped="0">
  <testcase classname="testcase.TC_01" name="test" time="15.425"/>
</testsuite> <!-- testcase.TC_01 -->
