<?xml version="1.0" encoding="UTF-8"?>
<!-- Generated by org.testng.reporters.JUnitReportReporter -->
<testsuite hostname="LTIN194558" failures="0" tests="3" name="testcase.NewBikes" time="21.499" errors="0" timestamp="2024-02-27T21:45:02 IST" skipped="0">
  <testcase classname="testcase.NewBikes" name="test" time="5.465"/>
  <testcase classname="testcase.NewBikes" name="selectbrand" time="4.664"/>
  <testcase classname="testcase.NewBikes" name="bikesidentification" time="11.370"/>
</testsuite> <!-- testcase.NewBikes -->
