<?xml version="1.0" encoding="UTF-8"?>
<!-- Generated by org.testng.reporters.JUnitReportReporter -->
<testsuite hostname="LTIN194558" failures="0" tests="2" name="testcase.LoginCredentials" time="9.136" errors="0" timestamp="2024-02-27T21:45:02 IST" skipped="0">
  <testcase classname="testcase.LoginCredentials" name="login" time="6.103"/>
  <testcase classname="testcase.LoginCredentials" name="password_validation" time="3.033"/>
</testsuite> <!-- testcase.LoginCredentials -->
